<?xml version="1.0" encoding="UTF-8"?>
<!-- Generated by org.testng.reporters.JUnitXMLReporter -->
<testsuite ignored="0" hostname="DESKTOP-PQFFS2E" failures="0" tests="7" name="Default test" time="5.389" errors="0" timestamp="2022-08-30T00:30:52 IST">
  <testcase classname="com.qa.GETApiTest" name="dateFormat" time="0.02"/>
  <testcase classname="com.qa.GETApiTest" name="getAPITest" time="5.224"/>
  <testcase classname="com.qa.GETApiTest" name="responseBody" time="0.013"/>
  <testcase classname="com.qa.GETApiTest" name="responseNotNull" time="0.007"/>
  <testcase classname="com.qa.GETApiTest" name="responseText" time="0.004"/>
  <testcase classname="com.qa.GETApiTest" name="responseTime" time="0.004"/>
  <testcase classname="com.qa.GETApiTest" name="statusCode" time="0.002"/>
</testsuite> <!-- Default test -->
